#
# There is insufficient memory for the Java Runtime Environment to continue.
# Native memory allocation (malloc) failed to allocate 32744 bytes for ChunkPool::allocate
# Possible reasons:
#   The system is out of physical RAM or swap space
#   In 32 bit mode, the process size limit was hit
# Possible solutions:
#   Reduce memory load on the system
#   Increase physical memory or swap space
#   Check if swap backing store is full
#   Use 64 bit Java on a 64 bit OS
#   Decrease Java heap size (-Xmx/-Xms)
#   Decrease number of Java threads
#   Decrease Java thread stack sizes (-Xss)
#   Set larger code cache with -XX:ReservedCodeCacheSize=
# This output file may be truncated or incomplete.
#
#  Out of Memory Error (allocation.cpp:273), pid=1056, tid=16316
#
# JRE version: Java(TM) SE Runtime Environment (8.0_71-b15) (build 1.8.0_71-b15)
# Java VM: Java HotSpot(TM) 64-Bit Server VM (25.71-b15 mixed mode windows-amd64 compressed oops)
# Failed to write core dump. Minidumps are not enabled by default on client versions of Windows
#

---------------  T H R E A D  ---------------

Current thread (0x0000000001f1e800):  JavaThread "main" [_thread_in_vm, id=16316, stack(0x00000000021e0000,0x00000000022e0000)]

Stack: [0x00000000021e0000,0x00000000022e0000]
[error occurred during error reporting (printing stack bounds), id 0xc0000005]

Native frames: (J=compiled Java code, j=interpreted, Vv=VM code, C=native code)

Java frames: (J=compiled Java code, j=interpreted, Vv=VM code)
j  sun.misc.Unsafe.ensureClassInitialized(Ljava/lang/Class;)V+0
j  java.lang.invoke.BoundMethodHandle$Factory.generateConcreteBMHClass(Ljava/lang/String;)Ljava/lang/Class;+1099
j  java.lang.invoke.BoundMethodHandle$SpeciesData.get(Ljava/lang/String;)Ljava/lang/invoke/BoundMethodHandle$SpeciesData;+29
j  java.lang.invoke.BoundMethodHandle$SpeciesData.extendWith(Ljava/lang/invoke/LambdaForm$BasicType;)Ljava/lang/invoke/BoundMethodHandle$SpeciesData;+47
j  java.lang.invoke.LambdaFormEditor.newSpeciesData(Ljava/lang/invoke/LambdaForm$BasicType;)Ljava/lang/invoke/BoundMethodHandle$SpeciesData;+5
j  java.lang.invoke.LambdaFormEditor.makeArgumentCombinationForm(ILjava/lang/invoke/MethodType;ZZ)Ljava/lang/invoke/LambdaForm;+168
j  java.lang.invoke.LambdaFormEditor.filterArgumentForm(ILjava/lang/invoke/LambdaForm$BasicType;)Ljava/lang/invoke/LambdaForm;+110
j  java.lang.invoke.MethodHandleImpl.makePairwiseConvertByEditor(Ljava/lang/invoke/MethodHandle;Ljava/lang/invoke/MethodType;ZZ)Ljava/lang/invoke/MethodHandle;+156
j  java.lang.invoke.MethodHandleImpl.makePairwiseConvert(Ljava/lang/invoke/MethodHandle;Ljava/lang/invoke/MethodType;ZZ)Ljava/lang/invoke/MethodHandle;+18
j  java.lang.invoke.MethodHandleImpl.makePairwiseConvert(Ljava/lang/invoke/MethodHandle;Ljava/lang/invoke/MethodType;Z)Ljava/lang/invoke/MethodHandle;+4
j  java.lang.invoke.MethodHandle.asTypeUncached(Ljava/lang/invoke/MethodType;)Ljava/lang/invoke/MethodHandle;+51
j  java.lang.invoke.MethodHandle.asType(Ljava/lang/invoke/MethodType;)Ljava/lang/invoke/MethodHandle;+24
j  java.lang.invoke.Invokers.checkGenericType(Ljava/lang/Object;Ljava/lang/Object;)Ljava/lang/Object;+12
j  java.lang.invoke.LambdaForm$MH.invoke_MT(Ljava/lang/Object;Ljava/lang/Object;Ljava/lang/Object;Ljava/lang/Object;Ljava/lang/Object;Ljava/lang/Object;Ljava/lang/Object;Ljava/lang/Object;)Ljava/lang/Object;+3
j  java.lang.invoke.CallSite.makeSite(Ljava/lang/invoke/MethodHandle;Ljava/lang/String;Ljava/lang/invoke/MethodType;Ljava/lang/Object;Ljava/lang/Class;)Ljava/lang/invoke/CallSite;+184
j  java.lang.invoke.MethodHandleNatives.linkCallSiteImpl(Ljava/lang/Class;Ljava/lang/invoke/MethodHandle;Ljava/lang/String;Ljava/lang/invoke/MethodType;Ljava/lang/Object;[Ljava/lang/Object;)Ljava/lang/invoke/MemberName;+6
j  java.lang.invoke.MethodHandleNatives.linkCallSite(Ljava/lang/Object;Ljava/lang/Object;Ljava/lang/Object;Ljava/lang/Object;Ljava/lang/Object;[Ljava/lang/Object;)Ljava/lang/invoke/MemberName;+45
v  ~StubRoutines::call_stub
j  java.awt.GraphicsEnvironment.getHeadlessProperty()Z+6
j  java.awt.GraphicsEnvironment.isHeadless()Z+0
j  java.awt.Toolkit.<clinit>()V+47
v  ~StubRoutines::call_stub
j  java.awt.Component.<clinit>()V+93
v  ~StubRoutines::call_stub

---------------  P R O C E S S  ---------------

Java Threads: ( => current thread )
  0x000000005673b000 JavaThread "Service Thread" daemon [_thread_blocked, id=13112, stack(0x0000000056dd0000,0x0000000056ed0000)]
  0x0000000054caf000 JavaThread "C1 CompilerThread2" daemon [_thread_in_native, id=16324, stack(0x0000000056c60000,0x0000000056d60000)]
  0x0000000054cad800 JavaThread "C2 CompilerThread1" daemon [_thread_in_native, id=16084, stack(0x0000000056ad0000,0x0000000056bd0000)]
  0x0000000054ca7800 JavaThread "C2 CompilerThread0" daemon [_thread_in_native, id=15808, stack(0x00000000565b0000,0x00000000566b0000)]
  0x0000000054ca5800 JavaThread "Attach Listener" daemon [_thread_blocked, id=16212, stack(0x0000000056370000,0x0000000056470000)]
  0x0000000054ca2000 JavaThread "Signal Dispatcher" daemon [_thread_blocked, id=8220, stack(0x0000000056260000,0x0000000056360000)]
  0x0000000054c48000 JavaThread "Finalizer" daemon [_thread_blocked, id=10632, stack(0x0000000055e70000,0x0000000055f70000)]
  0x0000000054c41000 JavaThread "Reference Handler" daemon [_thread_blocked, id=15412, stack(0x0000000055fd0000,0x00000000560d0000)]
=>0x0000000001f1e800 JavaThread "main" [_thread_in_vm, id=16316, stack(0x00000000021e0000,0x00000000022e0000)]

Other Threads:
  0x0000000054c3b800 VMThread [stack: 0x0000000055d00000,0x0000000055e00000] [id=16104]
  0x000000005677c000 WatcherThread [stack: 0x0000000056f70000,0x0000000057070000] [id=14044]

VM state:synchronizing (normal execution)

VM Mutex/Monitor currently owned by a thread:  ([mutex/lock_event])
[0x0000000001f1cba0] Threads_lock - owner thread: 0x0000000054c3b800

Heap:
 PSYoungGen      total 18944K, used 2295K [0x00000000eb300000, 0x00000000ec800000, 0x0000000100000000)
  eden space 16384K, 14% used [0x00000000eb300000,0x00000000eb53dc68,0x00000000ec300000)
  from space 2560K, 0% used [0x00000000ec580000,0x00000000ec580000,0x00000000ec800000)
  to   space 2560K, 0% used [0x00000000ec300000,0x00000000ec300000,0x00000000ec580000)
 ParOldGen       total 44032K, used 0K [0x00000000c1800000, 0x00000000c4300000, 0x00000000eb300000)
  object space 44032K, 0% used [0x00000000c1800000,0x00000000c1800000,0x00000000c4300000)
 Metaspace       used 4014K, capacity 4726K, committed 4992K, reserved 1056768K
  class space    used 477K, capacity 555K, committed 640K, reserved 1048576K

Card table byte_map: [0x0000000011970000,0x0000000011b70000] byte_map_base: 0x0000000011364000

Marking Bits: (ParMarkBitMap*) 0x000000007026f600
 Begin Bits: [0x0000000012170000, 0x0000000013110000)
 End Bits:   [0x0000000013110000, 0x00000000140b0000)

Polling page: 0x0000000000200000

CodeCache: size=245760Kb used=1315Kb max_used=1315Kb free=244445Kb
 bounds [0x00000000025b0000, 0x0000000002820000, 0x00000000115b0000]
 total_blobs=434 nmethods=171 adapters=176
 compilation: enabled

Compilation events (10 events):
Event: 0.529 Thread 0x0000000054caf000 nmethod 153 0x00000000026f3dd0 code [0x00000000026f4140, 0x00000000026f61b8]
Event: 0.529 Thread 0x0000000054caf000  163       3       java.lang.invoke.LambdaForm::argument (27 bytes)
Event: 0.530 Thread 0x0000000054caf000 nmethod 163 0x00000000026f1390 code [0x00000000026f1520, 0x00000000026f1888]
Event: 0.530 Thread 0x0000000054caf000  164       3       java.lang.invoke.MethodType::checkSlotCount (33 bytes)
Event: 0.532 Thread 0x0000000054caf000 nmethod 164 0x00000000026f72d0 code [0x00000000026f74c0, 0x00000000026f7d18]
Event: 0.532 Thread 0x0000000054caf000  168       3       java.util.Arrays$ArrayList::size (6 bytes)
Event: 0.533 Thread 0x0000000054caf000 nmethod 168 0x00000000026f0ed0 code [0x00000000026f1020, 0x00000000026f1170]
Event: 0.533 Thread 0x0000000054caf000  158       3       jdk.internal.org.objectweb.asm.Frame::execute (2252 bytes)
Event: 0.537 Thread 0x0000000054ca7800  174       4       jdk.internal.org.objectweb.asm.ByteVector::putUTF8 (142 bytes)
Event: 0.574 Thread 0x0000000054cad800  184       4       java.lang.AbstractStringBuilder::ensureCapacityInternal (16 bytes)

GC Heap History (0 events):
No events

Deoptimization events (0 events):
No events

Internal exceptions (9 events):
Event: 0.127 Thread 0x0000000001f1e800 Exception <a 'java/lang/NoSuchMethodError': Method sun.misc.Unsafe.defineClass(Ljava/lang/String;[BII)Ljava/lang/Class; name or signature does not match> (0x00000000eb30dda8) thrown at [C:\re\workspace\8-2-build-windows-amd64-cygwin\jdk8u71\5731\hotspot\srK¯ðóSÀ?
Event: 0.128 Thread 0x0000000001f1e800 Exception <a 'java/lang/NoSuchMethodError': Method sun.misc.Unsafe.prefetchRead(Ljava/lang/Object;J)V name or signature does not match> (0x00000000eb30e090) thrown at [C:\re\workspace\8-2-build-windows-amd64-cygwin\jdk8u71\5731\hotspot\src\share\vm\prims\j›I@ïÜ†Ú?
Event: 0.414 Thread 0x0000000001f1e800 Exception <a 'java/security/PrivilegedActionException'> (0x00000000eb387358) thrown at [C:\re\workspace\8-2-build-windows-amd64-cygwin\jdk8u71\5731\hotspot\src\share\vm\prims\jvm.cpp, line 1386]
Event: 0.415 Thread 0x0000000001f1e800 Exception <a 'java/security/PrivilegedActionException'> (0x00000000eb387568) thrown at [C:\re\workspace\8-2-build-windows-amd64-cygwin\jdk8u71\5731\hotspot\src\share\vm\prims\jvm.cpp, line 1386]
Event: 0.416 Thread 0x0000000001f1e800 Exception <a 'java/security/PrivilegedActionException'> (0x00000000eb38b110) thrown at [C:\re\workspace\8-2-build-windows-amd64-cygwin\jdk8u71\5731\hotspot\src\share\vm\prims\jvm.cpp, line 1386]
Event: 0.417 Thread 0x0000000001f1e800 Exception <a 'java/security/PrivilegedActionException'> (0x00000000eb38b320) thrown at [C:\re\workspace\8-2-build-windows-amd64-cygwin\jdk8u71\5731\hotspot\src\share\vm\prims\jvm.cpp, line 1386]
Event: 0.424 Thread 0x0000000001f1e800 Exception <a 'java/io/FileNotFoundException'> (0x00000000eb38d7e8) thrown at [C:\re\workspace\8-2-build-windows-amd64-cygwin\jdk8u71\5731\hotspot\src\share\vm\prims\jni.cpp, line 709]
Event: 0.533 Thread 0x0000000001f1e800 Exception <a 'java/lang/NoSuchFieldError': method resolution failed> (0x00000000eb4ada00) thrown at [C:\re\workspace\8-2-build-windows-amd64-cygwin\jdk8u71\5731\hotspot\src\share\vm\prims\methodHandles.cpp, line 1146]
Event: 0.538 Thread 0x0000000001f1e800 Exception <a 'java/lang/NoSuchFieldError': method resolution failed> (0x00000000eb4badd0) thrown at [C:\re\workspace\8-2-build-windows-amd64-cygwin\jdk8u71\5731\hotspot\src\share\vm\prims\methodHandles.cpp, line 1146]

Events (10 events):
Event: 0.546 loading class java/lang/invoke/LambdaFormEditor$Transform$Kind
Event: 0.547 loading class java/lang/invoke/LambdaFormEditor$Transform$Kind done
Event: 0.547 loading class java/lang/invoke/LambdaFormEditor$Transform
Event: 0.547 loading class java/lang/invoke/LambdaFormEditor$Transform done
Event: 0.548 loading class java/lang/invoke/LambdaFormBuffer
Event: 0.548 loading class java/lang/invoke/LambdaFormBuffer done
Event: 0.561 loading class jdk/internal/org/objectweb/asm/FieldWriter
Event: 0.561 loading class jdk/internal/org/objectweb/asm/FieldVisitor
Event: 0.562 loading class jdk/internal/org/objectweb/asm/FieldVisitor done
Event: 0.562 loading class jdk/internal/org/objectweb/asm/FieldWriter done


Dynamic libraries:
0x000000013f650000 - 0x000000013f687000 	C:\Program Files\Java\jre1.8.0_71\bin\javaw.exe
0x00000000776c0000 - 0x000000007786a000 	C:\Windows\SYSTEM32\ntdll.dll
0x00000000774a0000 - 0x00000000775bf000 	C:\Windows\system32\kernel32.dll
0x000007fefd470000 - 0x000007fefd4da000 	C:\Windows\system32\KERNELBASE.dll
0x000007fefdb00000 - 0x000007fefdbdb000 	C:\Windows\system32\ADVAPI32.dll
0x000007fefe470000 - 0x000007fefe50f000 	C:\Windows\system32\msvcrt.dll
0x000007fefe790000 - 0x000007fefe7af000 	C:\Windows\SYSTEM32\sechost.dll
0x000007fefdea0000 - 0x000007fefdfcd000 	C:\Windows\system32\RPCRT4.dll
0x00000000775c0000 - 0x00000000776ba000 	C:\Windows\system32\USER32.dll
0x000007fefebd0000 - 0x000007fefec37000 	C:\Windows\system32\GDI32.dll
0x000007fefd890000 - 0x000007fefd89e000 	C:\Windows\system32\LPK.dll
0x000007fefe6c0000 - 0x000007fefe78a000 	C:\Windows\system32\USP10.dll
0x000007fefbe80000 - 0x000007fefc074000 	C:\Windows\WinSxS\amd64_microsoft.windows.common-controls_6595b64144ccf1df_6.0.7601.18837_none_fa3b1e3d17594757\COMCTL32.dll
0x000007fefd8a0000 - 0x000007fefd911000 	C:\Windows\system32\SHLWAPI.dll
0x000007fefe420000 - 0x000007fefe44e000 	C:\Windows\system32\IMM32.DLL
0x000007fefe5b0000 - 0x000007fefe6b9000 	C:\Windows\system32\MSCTF.dll
0x000000006b550000 - 0x000000006b622000 	C:\Program Files\Java\jre1.8.0_71\bin\msvcr100.dll
0x000000006fa60000 - 0x00000000702ef000 	C:\Program Files\Java\jre1.8.0_71\bin\server\jvm.dll
0x000007fef4cf0000 - 0x000007fef4cf9000 	C:\Windows\system32\WSOCK32.dll
0x000007fefdc40000 - 0x000007fefdc8d000 	C:\Windows\system32\WS2_32.dll
0x000007fefd800000 - 0x000007fefd808000 	C:\Windows\system32\NSI.dll
0x000007fefb420000 - 0x000007fefb45b000 	C:\Windows\system32\WINMM.dll
0x000007fefc510000 - 0x000007fefc51c000 	C:\Windows\system32\VERSION.dll
0x0000000077880000 - 0x0000000077887000 	C:\Windows\system32\PSAPI.DLL
0x00000000676f0000 - 0x00000000676ff000 	C:\Program Files\Java\jre1.8.0_71\bin\verify.dll
0x0000000066d80000 - 0x0000000066da9000 	C:\Program Files\Java\jre1.8.0_71\bin\java.dll
0x0000000066d60000 - 0x0000000066d76000 	C:\Program Files\Java\jre1.8.0_71\bin\zip.dll
0x000007fefec40000 - 0x000007feff9ca000 	C:\Windows\system32\SHELL32.dll
0x000007fefdc90000 - 0x000007fefde93000 	C:\Windows\system32\ole32.dll
0x000007fefd450000 - 0x000007fefd45f000 	C:\Windows\system32\profapi.dll
0x0000000069520000 - 0x00000000696b8000 	C:\Program Files\Java\jre1.8.0_71\bin\awt.dll
0x000007fefe070000 - 0x000007fefe148000 	C:\Windows\system32\OLEAUT32.dll

VM Arguments:
jvm_args: -Dfile.encoding=Cp1252 
java_command: views.LoginFrame
java_class_path (initial): C:\Users\Bolo\tema4\Tema4\bin;C:\Users\Bolo\tema4\Tema4\itextpdf-5.4.1.jar
Launcher Type: SUN_STANDARD

Environment Variables:
PATH=C:/Program Files/Java/jre1.8.0_71/bin/server;C:/Program Files/Java/jre1.8.0_71/bin;C:/Program Files/Java/jre1.8.0_71/lib/amd64;C:\ProgramData\Oracle\Java\javapath;C:\Program Files (x86)\Intel\iCLS Client\;C:\Program Files\Intel\iCLS Client\;C:\Windows\system32;C:\Windows;C:\Windows\System32\Wbem;C:\Windows\System32\WindowsPowerShell\v1.0\;C:\Program Files\Intel\Intel(R) Management Engine Components\DAL;C:\Program Files\Intel\Intel(R) Management Engine Components\IPT;C:\Program Files (x86)\Intel\Intel(R) Management Engine Components\DAL;C:\Program Files (x86)\Intel\Intel(R) Management Engine Components\IPT;C:\Aldec\Active-HDL Student Edition\bin;C:\Program Files\TortoiseGit\bin;C:\Program Files (x86)\IVI Foundation\VISA\WinNT\Bin\;C:\Program Files\IVI Foundation\VISA\Win64\Bin\;C:\Program Files (x86)\Windows Kits\8.1\Windows Performance Toolkit\;C:\Program Files\Microsoft SQL Server\110\Tools\Binn\;C:\Program Files (x86)\Microsoft SDKs\TypeScript\1.0\;C:\Program Files\Microsoft SQL Server\Client SDK\ODBC\110\Tools\Binn\;C:\Program Files (x86)\Microsoft SQL Server\120\Tools\Binn\;C:\Program Files\Microsoft SQL Server\120\Tools\Binn\;C:\Program Files\Microsoft SQL Server\120\DTS\Binn\;C:\Program Files (x86)\Microsoft SQL Server\120\Tools\Binn\ManagementStudio\;C:\Program Files (x86)\Microsoft SQL Server\120\DTS\Binn\;C:\Program Files\MATLAB\R2015b\bin;C:\Users\Bolo\Desktop\java\eclipse-java-mars-R-win32-x86_64\eclipse;
USERNAME=Bolo
OS=Windows_NT
PROCESSOR_IDENTIFIER=Intel64 Family 6 Model 69 Stepping 1, GenuineIntel



---------------  S Y S T E M  ---------------

OS: Windows 7 , 64 bit Build 7601 (6.1.7601.23392)

CPU:total 4 (2 cores per cpu, 2 threads per core) family 6 model 69 stepping 1, cmov, cx8, fxsr, mmx, sse, sse2, sse3, ssse3, sse4.1, sse4.2, popcnt, avx, avx2, aes, clmul, erms, lzcnt, ht, tsc, tscinvbit, bmi1, bmi2

Memory: 4k page, physical 4095988k(861108k free), swap 16382096k(14704k free)

vm_info: Java HotSpot(TM) 64-Bit Server VM (25.71-b15) for windows-amd64 JRE (1.8.0_71-b15), built on Dec 22 2015 18:15:55 by "java_re" with MS VC++ 10.0 (VS2010)

time: Fri May 06 04:00:29 2016
elapsed time: 1 seconds (0d 0h 0m 1s)

